Base path: 'C:/Program Files/Unity/Hub/Editor/2019.3.4f1/Editor/Data', plugins path 'C:/Program Files/Unity/Hub/Editor/2019.3.4f1/Editor/Data/PlaybackEngines'
Cmd: initializeCompiler
Cmd: preprocess
  insize=811 outsize=209 ok=1
Cmd: preprocess
  insize=811 outsize=209 ok=1
Cmd: preprocess
  insize=811 outsize=209 ok=1
Cmd: preprocess
  insize=811 outsize=209 ok=1
Cmd: preprocess
  insize=811 outsize=209 ok=1
Cmd: preprocess
  insize=811 outsize=209 ok=1
Cmd: preprocess
  insize=811 outsize=209 ok=1
Cmd: preprocess
  insize=811 outsize=209 ok=1
Cmd: preprocess
  insize=811 outsize=209 ok=1
Cmd: preprocess
  insize=5393 outsize=502 ok=1
Cmd: preprocess
  insize=3871 outsize=505 ok=1
Cmd: preprocess
  insize=39991 outsize=1912 ok=1
Cmd: preprocess
  insize=5800 outsize=497 ok=1
Cmd: preprocess
  insize=6607 outsize=499 ok=1
Cmd: preprocess
  insize=28033 outsize=1912 ok=1
Cmd: preprocess
  insize=811 outsize=209 ok=1
Cmd: preprocess
  insize=7064 outsize=496 ok=1
Cmd: preprocess
  insize=41599 outsize=1911 ok=1
Cmd: preprocess
  insize=28033 outsize=1912 ok=1
Cmd: preprocess
  insize=811 outsize=209 ok=1
Cmd: preprocess
  insize=7064 outsize=496 ok=1
Cmd: preprocess
  insize=41599 outsize=1912 ok=1
Cmd: preprocess
  insize=40194 outsize=1921 ok=1
Cmd: compileSnippet
  api=4 type=0 insize=13052 outsize=1142 kw=UNITY_PASS_SHADOWCASTER pd=UNITY_ENABLE_REFLECTION_BUFFERS UNITY_USE_DITHER_MASK_FOR_ALPHABLENDED_SHADOWS UNITY_PBS_USE_BRDF1 UNITY_SPECCUBE_BOX_PROJECTION UNITY_SPECCUBE_BLENDING UNITY_ENABLE_DETAIL_NORMALMAP SHADER_API_DESKTOP UNITY_COLORSPACE_GAMMA UNITY_LIGHT_PROBE_PROXY_VOLUME UNITY_LIGHTMAP_FULL_HDR ok=1
Cmd: compileSnippet
  api=4 type=1 insize=13052 outsize=2974 kw=UNITY_PASS_SHADOWCASTER pd=UNITY_ENABLE_REFLECTION_BUFFERS UNITY_USE_DITHER_MASK_FOR_ALPHABLENDED_SHADOWS UNITY_PBS_USE_BRDF1 UNITY_SPECCUBE_BOX_PROJECTION UNITY_SPECCUBE_BLENDING UNITY_ENABLE_DETAIL_NORMALMAP SHADER_API_DESKTOP UNITY_COLORSPACE_GAMMA UNITY_LIGHT_PROBE_PROXY_VOLUME UNITY_LIGHTMAP_FULL_HDR ok=1
Cmd: compileSnippet
  api=4 type=0 insize=13221 outsize=706 kw= pd=UNITY_ENABLE_REFLECTION_BUFFERS UNITY_USE_DITHER_MASK_FOR_ALPHABLENDED_SHADOWS UNITY_PBS_USE_BRDF1 UNITY_SPECCUBE_BOX_PROJECTION UNITY_SPECCUBE_BLENDING UNITY_ENABLE_DETAIL_NORMALMAP SHADER_API_DESKTOP UNITY_COLORSPACE_GAMMA UNITY_LIGHT_PROBE_PROXY_VOLUME UNITY_LIGHTMAP_FULL_HDR ok=1
Cmd: compileSnippet
  api=4 type=1 insize=13221 outsize=3010 kw= pd=UNITY_ENABLE_REFLECTION_BUFFERS UNITY_USE_DITHER_MASK_FOR_ALPHABLENDED_SHADOWS UNITY_PBS_USE_BRDF1 UNITY_SPECCUBE_BOX_PROJECTION UNITY_SPECCUBE_BLENDING UNITY_ENABLE_DETAIL_NORMALMAP SHADER_API_DESKTOP UNITY_COLORSPACE_GAMMA UNITY_LIGHT_PROBE_PROXY_VOLUME UNITY_LIGHTMAP_FULL_HDR ok=1
Cmd: preprocess
  insize=811 outsize=209 ok=1
Cmd: preprocess
  insize=811 outsize=209 ok=1
Cmd: preprocess
  insize=811 outsize=209 ok=1
Cmd: preprocess
  insize=811 outsize=209 ok=1
Cmd: preprocess
  insize=811 outsize=209 ok=1
Cmd: preprocess
  insize=811 outsize=209 ok=1
Cmd: preprocess
  insize=811 outsize=209 ok=1
Cmd: preprocess
  insize=811 outsize=209 ok=1
Cmd: preprocess
  insize=811 outsize=209 ok=1
Cmd: preprocess
  insize=811 outsize=209 ok=1
Cmd: preprocess
  insize=5393 outsize=502 ok=1
Cmd: preprocess
  insize=3871 outsize=505 ok=1
Cmd: preprocess
  insize=41599 outsize=1912 ok=1
Cmd: preprocess
  insize=5800 outsize=497 ok=1
Cmd: preprocess
  insize=6607 outsize=499 ok=1
Cmd: preprocess
  insize=7064 outsize=496 ok=1
Cmd: preprocess
  insize=5800 outsize=497 ok=1
Cmd: preprocess
  insize=6607 outsize=499 ok=1
Cmd: preprocess
  insize=7064 outsize=496 ok=1
Cmd: preprocess
  insize=41599 outsize=1912 ok=1
Cmd: preprocess
  insize=3871 outsize=505 ok=1
Cmd: preprocess
  insize=5393 outsize=502 ok=1
Cmd: preprocess
  insize=811 outsize=209 ok=1
Cmd: preprocess
  insize=811 outsize=209 ok=1
Cmd: preprocess
  insize=811 outsize=209 ok=1
Cmd: preprocess
  insize=811 outsize=209 ok=1
Cmd: preprocess
  insize=811 outsize=209 ok=1
Cmd: preprocess
  insize=811 outsize=209 ok=1
Cmd: preprocess
  insize=811 outsize=209 ok=1
Cmd: preprocess
  insize=811 outsize=209 ok=1
Cmd: preprocess
  insize=811 outsize=209 ok=1
Cmd: preprocess
  insize=811 outsize=209 ok=1
Cmd: preprocess
  insize=5393 outsize=502 ok=1
Cmd: preprocess
  insize=3871 outsize=505 ok=1
Cmd: preprocess
  insize=41599 outsize=1912 ok=1
Cmd: preprocess
  insize=5800 outsize=497 ok=1
Cmd: preprocess
  insize=6607 outsize=499 ok=1
Cmd: preprocess
  insize=7064 outsize=496 ok=1
Cmd: preprocess
  insize=5800 outsize=497 ok=1
Cmd: preprocess
  insize=6607 outsize=499 ok=1
Cmd: preprocess
  insize=7064 outsize=496 ok=1
Cmd: preprocess
  insize=41599 outsize=1912 ok=1
Cmd: preprocess
  insize=3871 outsize=505 ok=1
Cmd: preprocess
  insize=5393 outsize=502 ok=1
Cmd: compileSnippet
  api=4 type=0 insize=2364 outsize=1718 kw=_NORMALMAP _METALLICSPECGLOSSMAP pd=UNITY_ENABLE_REFLECTION_BUFFERS UNITY_USE_DITHER_MASK_FOR_ALPHABLENDED_SHADOWS UNITY_PBS_USE_BRDF1 UNITY_SPECCUBE_BOX_PROJECTION UNITY_SPECCUBE_BLENDING UNITY_ENABLE_DETAIL_NORMALMAP SHADER_API_DESKTOP UNITY_COLORSPACE_GAMMA UNITY_LIGHT_PROBE_PROXY_VOLUME UNITY_LIGHTMAP_FULL_HDR ok=1
Cmd: compileSnippet
  api=4 type=1 insize=2364 outsize=3558 kw=_NORMALMAP _METALLICSPECGLOSSMAP pd=UNITY_ENABLE_REFLECTION_BUFFERS UNITY_USE_DITHER_MASK_FOR_ALPHABLENDED_SHADOWS UNITY_PBS_USE_BRDF1 UNITY_SPECCUBE_BOX_PROJECTION UNITY_SPECCUBE_BLENDING UNITY_ENABLE_DETAIL_NORMALMAP SHADER_API_DESKTOP UNITY_COLORSPACE_GAMMA UNITY_LIGHT_PROBE_PROXY_VOLUME UNITY_LIGHTMAP_FULL_HDR ok=1
Cmd: compileSnippet
  api=4 type=0 insize=2364 outsize=1706 kw=_SPECULARHIGHLIGHTS_OFF _ENVIRONMENTREFLECTIONS_OFF pd=UNITY_ENABLE_REFLECTION_BUFFERS UNITY_USE_DITHER_MASK_FOR_ALPHABLENDED_SHADOWS UNITY_PBS_USE_BRDF1 UNITY_SPECCUBE_BOX_PROJECTION UNITY_SPECCUBE_BLENDING UNITY_ENABLE_DETAIL_NORMALMAP SHADER_API_DESKTOP UNITY_COLORSPACE_GAMMA UNITY_LIGHT_PROBE_PROXY_VOLUME UNITY_LIGHTMAP_FULL_HDR ok=1
Cmd: compileSnippet
  api=4 type=1 insize=2364 outsize=1550 kw=_SPECULARHIGHLIGHTS_OFF _ENVIRONMENTREFLECTIONS_OFF pd=UNITY_ENABLE_REFLECTION_BUFFERS UNITY_USE_DITHER_MASK_FOR_ALPHABLENDED_SHADOWS UNITY_PBS_USE_BRDF1 UNITY_SPECCUBE_BOX_PROJECTION UNITY_SPECCUBE_BLENDING UNITY_ENABLE_DETAIL_NORMALMAP SHADER_API_DESKTOP UNITY_COLORSPACE_GAMMA UNITY_LIGHT_PROBE_PROXY_VOLUME UNITY_LIGHTMAP_FULL_HDR ok=1
Cmd: preprocess
  insize=811 outsize=209 ok=1
Cmd: preprocess
  insize=811 outsize=209 ok=1
Cmd: preprocess
  insize=811 outsize=209 ok=1
Cmd: preprocess
  insize=811 outsize=209 ok=1
Cmd: preprocess
  insize=811 outsize=209 ok=1
Cmd: preprocess
  insize=811 outsize=209 ok=1
Cmd: preprocess
  insize=811 outsize=209 ok=1
Cmd: preprocess
  insize=811 outsize=209 ok=1
Cmd: preprocess
  insize=811 outsize=209 ok=1
Cmd: preprocess
  insize=811 outsize=209 ok=1
Cmd: preprocess
  insize=5393 outsize=502 ok=1
Cmd: preprocess
  insize=3871 outsize=505 ok=1
Cmd: preprocess
  insize=41599 outsize=1912 ok=1
Cmd: preprocess
  insize=5800 outsize=497 ok=1
Cmd: preprocess
  insize=6607 outsize=499 ok=1
Cmd: preprocess
  insize=7064 outsize=496 ok=1
Cmd: preprocess
  insize=5800 outsize=497 ok=1
Cmd: preprocess
  insize=6607 outsize=499 ok=1
Cmd: preprocess
  insize=7064 outsize=496 ok=1
Cmd: preprocess
  insize=41599 outsize=1912 ok=1
Cmd: preprocess
  insize=3871 outsize=505 ok=1
Cmd: preprocess
  insize=5393 outsize=502 ok=1
Cmd: preprocess
  insize=41356 outsize=1817 ok=1
Cmd: preprocess
  insize=39951 outsize=1824 ok=1
Cmd: compileSnippet
  api=4 type=0 insize=13003 outsize=1142 kw=UNITY_PASS_SHADOWCASTER pd=UNITY_ENABLE_REFLECTION_BUFFERS UNITY_USE_DITHER_MASK_FOR_ALPHABLENDED_SHADOWS UNITY_PBS_USE_BRDF1 UNITY_SPECCUBE_BOX_PROJECTION UNITY_SPECCUBE_BLENDING UNITY_ENABLE_DETAIL_NORMALMAP SHADER_API_DESKTOP UNITY_COLORSPACE_GAMMA UNITY_LIGHT_PROBE_PROXY_VOLUME UNITY_LIGHTMAP_FULL_HDR ok=1
Cmd: compileSnippet
  api=4 type=1 insize=13003 outsize=2974 kw=UNITY_PASS_SHADOWCASTER pd=UNITY_ENABLE_REFLECTION_BUFFERS UNITY_USE_DITHER_MASK_FOR_ALPHABLENDED_SHADOWS UNITY_PBS_USE_BRDF1 UNITY_SPECCUBE_BOX_PROJECTION UNITY_SPECCUBE_BLENDING UNITY_ENABLE_DETAIL_NORMALMAP SHADER_API_DESKTOP UNITY_COLORSPACE_GAMMA UNITY_LIGHT_PROBE_PROXY_VOLUME UNITY_LIGHTMAP_FULL_HDR ok=1
Cmd: compileSnippet
  api=4 type=0 insize=13172 outsize=706 kw= pd=UNITY_ENABLE_REFLECTION_BUFFERS UNITY_USE_DITHER_MASK_FOR_ALPHABLENDED_SHADOWS UNITY_PBS_USE_BRDF1 UNITY_SPECCUBE_BOX_PROJECTION UNITY_SPECCUBE_BLENDING UNITY_ENABLE_DETAIL_NORMALMAP SHADER_API_DESKTOP UNITY_COLORSPACE_GAMMA UNITY_LIGHT_PROBE_PROXY_VOLUME UNITY_LIGHTMAP_FULL_HDR ok=1
Cmd: compileSnippet
  api=4 type=1 insize=13172 outsize=3010 kw= pd=UNITY_ENABLE_REFLECTION_BUFFERS UNITY_USE_DITHER_MASK_FOR_ALPHABLENDED_SHADOWS UNITY_PBS_USE_BRDF1 UNITY_SPECCUBE_BOX_PROJECTION UNITY_SPECCUBE_BLENDING UNITY_ENABLE_DETAIL_NORMALMAP SHADER_API_DESKTOP UNITY_COLORSPACE_GAMMA UNITY_LIGHT_PROBE_PROXY_VOLUME UNITY_LIGHTMAP_FULL_HDR ok=1
Cmd: preprocess
  insize=3563 outsize=492 ok=1
Cmd: preprocess
  insize=29227 outsize=1816 ok=1
Cmd: compileSnippet
  api=4 type=0 insize=9087 outsize=1026 kw=UNITY_PASS_SHADOWCASTER pd=UNITY_ENABLE_REFLECTION_BUFFERS UNITY_USE_DITHER_MASK_FOR_ALPHABLENDED_SHADOWS UNITY_PBS_USE_BRDF1 UNITY_SPECCUBE_BOX_PROJECTION UNITY_SPECCUBE_BLENDING UNITY_ENABLE_DETAIL_NORMALMAP SHADER_API_DESKTOP UNITY_COLORSPACE_GAMMA UNITY_LIGHT_PROBE_PROXY_VOLUME UNITY_LIGHTMAP_FULL_HDR ok=1
Cmd: preprocess
  insize=27790 outsize=1817 ok=1
Cmd: preprocess
  insize=37589 outsize=1816 ok=1
Cmd: preprocess
  insize=36660 outsize=1825 ok=1
Cmd: preprocess
  insize=811 outsize=209 ok=1
Cmd: preprocess
  insize=4127 outsize=497 ok=1
Cmd: preprocess
  insize=6603 outsize=498 ok=1
Cmd: preprocess
  insize=811 outsize=209 ok=1
Cmd: preprocess
  insize=7061 outsize=496 ok=1
Cmd: preprocess
  insize=41347 outsize=1816 ok=1
Cmd: preprocess
  insize=39942 outsize=1825 ok=1
Cmd: compileSnippet
  api=4 type=0 insize=13000 outsize=1142 kw=UNITY_PASS_SHADOWCASTER pd=UNITY_ENABLE_REFLECTION_BUFFERS UNITY_USE_DITHER_MASK_FOR_ALPHABLENDED_SHADOWS UNITY_PBS_USE_BRDF1 UNITY_SPECCUBE_BOX_PROJECTION UNITY_SPECCUBE_BLENDING UNITY_ENABLE_DETAIL_NORMALMAP SHADER_API_DESKTOP UNITY_COLORSPACE_GAMMA UNITY_LIGHT_PROBE_PROXY_VOLUME UNITY_LIGHTMAP_FULL_HDR ok=1
Cmd: compileSnippet
  api=4 type=1 insize=13000 outsize=2974 kw=UNITY_PASS_SHADOWCASTER pd=UNITY_ENABLE_REFLECTION_BUFFERS UNITY_USE_DITHER_MASK_FOR_ALPHABLENDED_SHADOWS UNITY_PBS_USE_BRDF1 UNITY_SPECCUBE_BOX_PROJECTION UNITY_SPECCUBE_BLENDING UNITY_ENABLE_DETAIL_NORMALMAP SHADER_API_DESKTOP UNITY_COLORSPACE_GAMMA UNITY_LIGHT_PROBE_PROXY_VOLUME UNITY_LIGHTMAP_FULL_HDR ok=1
Cmd: compileSnippet
  api=4 type=0 insize=13169 outsize=706 kw= pd=UNITY_ENABLE_REFLECTION_BUFFERS UNITY_USE_DITHER_MASK_FOR_ALPHABLENDED_SHADOWS UNITY_PBS_USE_BRDF1 UNITY_SPECCUBE_BOX_PROJECTION UNITY_SPECCUBE_BLENDING UNITY_ENABLE_DETAIL_NORMALMAP SHADER_API_DESKTOP UNITY_COLORSPACE_GAMMA UNITY_LIGHT_PROBE_PROXY_VOLUME UNITY_LIGHTMAP_FULL_HDR ok=1
Cmd: compileSnippet
  api=4 type=1 insize=13169 outsize=3010 kw= pd=UNITY_ENABLE_REFLECTION_BUFFERS UNITY_USE_DITHER_MASK_FOR_ALPHABLENDED_SHADOWS UNITY_PBS_USE_BRDF1 UNITY_SPECCUBE_BOX_PROJECTION UNITY_SPECCUBE_BLENDING UNITY_ENABLE_DETAIL_NORMALMAP SHADER_API_DESKTOP UNITY_COLORSPACE_GAMMA UNITY_LIGHT_PROBE_PROXY_VOLUME UNITY_LIGHTMAP_FULL_HDR ok=1
Cmd: preprocess
  insize=41590 outsize=1913 ok=1
Cmd: preprocess
  insize=40185 outsize=1921 ok=1
Cmd: compileSnippet
  api=4 type=0 insize=13049 outsize=1142 kw=UNITY_PASS_SHADOWCASTER pd=UNITY_ENABLE_REFLECTION_BUFFERS UNITY_USE_DITHER_MASK_FOR_ALPHABLENDED_SHADOWS UNITY_PBS_USE_BRDF1 UNITY_SPECCUBE_BOX_PROJECTION UNITY_SPECCUBE_BLENDING UNITY_ENABLE_DETAIL_NORMALMAP SHADER_API_DESKTOP UNITY_COLORSPACE_GAMMA UNITY_LIGHT_PROBE_PROXY_VOLUME UNITY_LIGHTMAP_FULL_HDR ok=1
Cmd: compileSnippet
  api=4 type=1 insize=13049 outsize=2974 kw=UNITY_PASS_SHADOWCASTER pd=UNITY_ENABLE_REFLECTION_BUFFERS UNITY_USE_DITHER_MASK_FOR_ALPHABLENDED_SHADOWS UNITY_PBS_USE_BRDF1 UNITY_SPECCUBE_BOX_PROJECTION UNITY_SPECCUBE_BLENDING UNITY_ENABLE_DETAIL_NORMALMAP SHADER_API_DESKTOP UNITY_COLORSPACE_GAMMA UNITY_LIGHT_PROBE_PROXY_VOLUME UNITY_LIGHTMAP_FULL_HDR ok=1
Cmd: compileSnippet
  api=4 type=0 insize=13218 outsize=706 kw= pd=UNITY_ENABLE_REFLECTION_BUFFERS UNITY_USE_DITHER_MASK_FOR_ALPHABLENDED_SHADOWS UNITY_PBS_USE_BRDF1 UNITY_SPECCUBE_BOX_PROJECTION UNITY_SPECCUBE_BLENDING UNITY_ENABLE_DETAIL_NORMALMAP SHADER_API_DESKTOP UNITY_COLORSPACE_GAMMA UNITY_LIGHT_PROBE_PROXY_VOLUME UNITY_LIGHTMAP_FULL_HDR ok=1
Cmd: compileSnippet
  api=4 type=1 insize=13218 outsize=3010 kw= pd=UNITY_ENABLE_REFLECTION_BUFFERS UNITY_USE_DITHER_MASK_FOR_ALPHABLENDED_SHADOWS UNITY_PBS_USE_BRDF1 UNITY_SPECCUBE_BOX_PROJECTION UNITY_SPECCUBE_BLENDING UNITY_ENABLE_DETAIL_NORMALMAP SHADER_API_DESKTOP UNITY_COLORSPACE_GAMMA UNITY_LIGHT_PROBE_PROXY_VOLUME UNITY_LIGHTMAP_FULL_HDR ok=1
Cmd: preprocess
  insize=40185 outsize=1921 ok=1
Cmd: preprocess
  insize=811 outsize=209 ok=1
Cmd: preprocess
  insize=811 outsize=209 ok=1
Cmd: preprocess
  insize=811 outsize=209 ok=1
Cmd: preprocess
  insize=811 outsize=209 ok=1
Cmd: preprocess
  insize=811 outsize=209 ok=1
Cmd: preprocess
  insize=811 outsize=209 ok=1
Cmd: preprocess
  insize=811 outsize=209 ok=1
Cmd: preprocess
  insize=811 outsize=209 ok=1
Cmd: preprocess
  insize=811 outsize=209 ok=1
Cmd: preprocess
  insize=811 outsize=209 ok=1
Cmd: preprocess
  insize=5393 outsize=502 ok=1
Cmd: preprocess
  insize=3871 outsize=505 ok=1
Cmd: preprocess
  insize=41590 outsize=1913 ok=1
Cmd: preprocess
  insize=5800 outsize=497 ok=1
Cmd: preprocess
  insize=7061 outsize=496 ok=1
Cmd: preprocess
  insize=6603 outsize=498 ok=1
Cmd: preprocess
  insize=5800 outsize=497 ok=1
Cmd: preprocess
  insize=6603 outsize=498 ok=1
Cmd: preprocess
  insize=7061 outsize=496 ok=1
Cmd: preprocess
  insize=41590 outsize=1913 ok=1
Cmd: preprocess
  insize=3871 outsize=505 ok=1
Cmd: preprocess
  insize=5393 outsize=502 ok=1
Cmd: preprocess
  insize=37832 outsize=1912 ok=1
Cmd: preprocess
  insize=6191 outsize=498 ok=1
Cmd: preprocess
  insize=6649 outsize=495 ok=1
Cmd: preprocess
  insize=36903 outsize=1920 ok=1
Cmd: preprocess
  insize=36903 outsize=1920 ok=1
Cmd: preprocess
  insize=7062 outsize=497 ok=1
Cmd: preprocess
  insize=41590 outsize=1912 ok=1
Cmd: compileSnippet
  api=4 type=0 insize=13520 outsize=1142 kw=UNITY_PASS_SHADOWCASTER pd=UNITY_ENABLE_REFLECTION_BUFFERS UNITY_USE_DITHER_MASK_FOR_ALPHABLENDED_SHADOWS UNITY_PBS_USE_BRDF1 UNITY_SPECCUBE_BOX_PROJECTION UNITY_SPECCUBE_BLENDING UNITY_ENABLE_DETAIL_NORMALMAP SHADER_API_DESKTOP UNITY_COLORSPACE_GAMMA UNITY_LIGHT_PROBE_PROXY_VOLUME UNITY_LIGHTMAP_FULL_HDR ok=1
Cmd: preprocess
  insize=40185 outsize=1920 ok=1
Cmd: compileSnippet
  api=4 type=0 insize=13049 outsize=1142 kw=UNITY_PASS_SHADOWCASTER pd=UNITY_ENABLE_REFLECTION_BUFFERS UNITY_USE_DITHER_MASK_FOR_ALPHABLENDED_SHADOWS UNITY_PBS_USE_BRDF1 UNITY_SPECCUBE_BOX_PROJECTION UNITY_SPECCUBE_BLENDING UNITY_ENABLE_DETAIL_NORMALMAP SHADER_API_DESKTOP UNITY_COLORSPACE_GAMMA UNITY_LIGHT_PROBE_PROXY_VOLUME UNITY_LIGHTMAP_FULL_HDR ok=1
Cmd: compileSnippet
  api=4 type=1 insize=13049 outsize=2974 kw=UNITY_PASS_SHADOWCASTER pd=UNITY_ENABLE_REFLECTION_BUFFERS UNITY_USE_DITHER_MASK_FOR_ALPHABLENDED_SHADOWS UNITY_PBS_USE_BRDF1 UNITY_SPECCUBE_BOX_PROJECTION UNITY_SPECCUBE_BLENDING UNITY_ENABLE_DETAIL_NORMALMAP SHADER_API_DESKTOP UNITY_COLORSPACE_GAMMA UNITY_LIGHT_PROBE_PROXY_VOLUME UNITY_LIGHTMAP_FULL_HDR ok=1
Cmd: preprocess
  insize=811 outsize=209 ok=1
Cmd: preprocess
  insize=811 outsize=209 ok=1
Cmd: preprocess
  insize=811 outsize=209 ok=1
Cmd: preprocess
  insize=811 outsize=209 ok=1
Cmd: preprocess
  insize=811 outsize=209 ok=1
Cmd: preprocess
  insize=811 outsize=209 ok=1
Cmd: preprocess
  insize=811 outsize=209 ok=1
Cmd: preprocess
  insize=811 outsize=209 ok=1
Cmd: preprocess
  insize=811 outsize=209 ok=1
Cmd: preprocess
  insize=811 outsize=209 ok=1
Cmd: preprocess
  insize=5393 outsize=502 ok=1
Cmd: preprocess
  insize=3871 outsize=505 ok=1
Cmd: preprocess
  insize=41590 outsize=1912 ok=1
Cmd: preprocess
  insize=7062 outsize=497 ok=1
Cmd: preprocess
  insize=6649 outsize=495 ok=1
Cmd: preprocess
  insize=6191 outsize=498 ok=1
Cmd: preprocess
  insize=7062 outsize=497 ok=1
Cmd: preprocess
  insize=41590 outsize=1912 ok=1
Cmd: preprocess
  insize=3871 outsize=505 ok=1
Cmd: preprocess
  insize=6191 outsize=498 ok=1
Cmd: preprocess
  insize=6649 outsize=495 ok=1
Cmd: preprocess
  insize=5393 outsize=502 ok=1
Cmd: preprocess
  insize=7030 outsize=497 ok=1
Cmd: preprocess
  insize=41470 outsize=1913 ok=1
Cmd: preprocess
  insize=40269 outsize=1920 ok=1
Cmd: compileSnippet
  api=4 type=0 insize=13077 outsize=1142 kw=UNITY_PASS_SHADOWCASTER pd=UNITY_ENABLE_REFLECTION_BUFFERS UNITY_USE_DITHER_MASK_FOR_ALPHABLENDED_SHADOWS UNITY_PBS_USE_BRDF1 UNITY_SPECCUBE_BOX_PROJECTION UNITY_SPECCUBE_BLENDING UNITY_ENABLE_DETAIL_NORMALMAP SHADER_API_DESKTOP UNITY_COLORSPACE_GAMMA UNITY_LIGHT_PROBE_PROXY_VOLUME UNITY_LIGHTMAP_FULL_HDR ok=1
Cmd: compileSnippet
  api=4 type=1 insize=13077 outsize=2978 kw=UNITY_PASS_SHADOWCASTER pd=UNITY_ENABLE_REFLECTION_BUFFERS UNITY_USE_DITHER_MASK_FOR_ALPHABLENDED_SHADOWS UNITY_PBS_USE_BRDF1 UNITY_SPECCUBE_BOX_PROJECTION UNITY_SPECCUBE_BLENDING UNITY_ENABLE_DETAIL_NORMALMAP SHADER_API_DESKTOP UNITY_COLORSPACE_GAMMA UNITY_LIGHT_PROBE_PROXY_VOLUME UNITY_LIGHTMAP_FULL_HDR ok=1
Cmd: preprocess
  insize=811 outsize=209 ok=1
Cmd: preprocess
  insize=811 outsize=209 ok=1
Cmd: preprocess
  insize=811 outsize=209 ok=1
Cmd: preprocess
  insize=811 outsize=209 ok=1
Cmd: preprocess
  insize=811 outsize=209 ok=1
Cmd: preprocess
  insize=811 outsize=209 ok=1
Cmd: preprocess
  insize=811 outsize=209 ok=1
Cmd: preprocess
  insize=811 outsize=209 ok=1
Cmd: preprocess
  insize=811 outsize=209 ok=1
Cmd: preprocess
  insize=811 outsize=209 ok=1
Cmd: preprocess
  insize=5393 outsize=502 ok=1
Cmd: preprocess
  insize=3871 outsize=505 ok=1
Cmd: preprocess
  insize=41470 outsize=1913 ok=1
Cmd: preprocess
  insize=7030 outsize=497 ok=1
Cmd: preprocess
  insize=6649 outsize=495 ok=1
Cmd: preprocess
  insize=6191 outsize=498 ok=1
Cmd: preprocess
  insize=7030 outsize=497 ok=1
Cmd: preprocess
  insize=41470 outsize=1913 ok=1
Cmd: preprocess
  insize=3871 outsize=505 ok=1
Cmd: preprocess
  insize=6191 outsize=498 ok=1
Cmd: preprocess
  insize=6649 outsize=495 ok=1
Cmd: preprocess
  insize=5393 outsize=502 ok=1
Cmd: preprocess
  insize=811 outsize=209 ok=1
Cmd: preprocess
  insize=811 outsize=209 ok=1
Cmd: preprocess
  insize=811 outsize=209 ok=1
Cmd: preprocess
  insize=811 outsize=209 ok=1
Cmd: preprocess
  insize=811 outsize=209 ok=1
Cmd: preprocess
  insize=811 outsize=209 ok=1
Cmd: preprocess
  insize=811 outsize=209 ok=1
Cmd: preprocess
  insize=811 outsize=209 ok=1
Cmd: preprocess
  insize=811 outsize=209 ok=1
Cmd: preprocess
  insize=811 outsize=209 ok=1
Cmd: preprocess
  insize=5393 outsize=502 ok=1
Cmd: preprocess
  insize=3871 outsize=505 ok=1
Cmd: preprocess
  insize=41590 outsize=1912 ok=1
Cmd: preprocess
  insize=7062 outsize=497 ok=1
Cmd: preprocess
  insize=6649 outsize=495 ok=1
Cmd: preprocess
  insize=6191 outsize=498 ok=1
Cmd: preprocess
  insize=811 outsize=209 ok=1
Cmd: preprocess
  insize=811 outsize=209 ok=1
Cmd: preprocess
  insize=811 outsize=209 ok=1
Cmd: preprocess
  insize=811 outsize=209 ok=1
Cmd: preprocess
  insize=811 outsize=209 ok=1
Cmd: preprocess
  insize=811 outsize=209 ok=1
Cmd: preprocess
  insize=811 outsize=209 ok=1
Cmd: preprocess
  insize=811 outsize=209 ok=1
Cmd: preprocess
  insize=811 outsize=209 ok=1
Cmd: preprocess
  insize=811 outsize=209 ok=1
Cmd: preprocess
  insize=5393 outsize=502 ok=1
Cmd: preprocess
  insize=3871 outsize=505 ok=1
Cmd: preprocess
  insize=41590 outsize=1912 ok=1
Cmd: preprocess
  insize=7062 outsize=497 ok=1
Cmd: preprocess
  insize=6649 outsize=495 ok=1
Cmd: preprocess
  insize=6191 outsize=498 ok=1
Cmd: preprocess
  insize=811 outsize=209 ok=1
Cmd: preprocess
  insize=811 outsize=209 ok=1
Cmd: preprocess
  insize=811 outsize=209 ok=1
Cmd: preprocess
  insize=811 outsize=209 ok=1
Cmd: preprocess
  insize=811 outsize=209 ok=1
Cmd: preprocess
  insize=811 outsize=209 ok=1
Cmd: preprocess
  insize=811 outsize=209 ok=1
Cmd: preprocess
  insize=811 outsize=209 ok=1
Cmd: preprocess
  insize=811 outsize=209 ok=1
Cmd: preprocess
  insize=811 outsize=209 ok=1
Cmd: preprocess
  insize=5393 outsize=502 ok=1
Cmd: preprocess
  insize=3871 outsize=505 ok=1
Cmd: preprocess
  insize=41590 outsize=1912 ok=1
Cmd: preprocess
  insize=7062 outsize=497 ok=1
Cmd: preprocess
  insize=6649 outsize=495 ok=1
Cmd: preprocess
  insize=6191 outsize=498 ok=1
Cmd: preprocess
  insize=811 outsize=209 ok=1
Cmd: preprocess
  insize=811 outsize=209 ok=1
Cmd: preprocess
  insize=811 outsize=209 ok=1
Cmd: preprocess
  insize=811 outsize=209 ok=1
Cmd: preprocess
  insize=811 outsize=209 ok=1
Cmd: preprocess
  insize=811 outsize=209 ok=1
Cmd: preprocess
  insize=811 outsize=209 ok=1
Cmd: preprocess
  insize=811 outsize=209 ok=1
Cmd: preprocess
  insize=811 outsize=209 ok=1
Cmd: preprocess
  insize=811 outsize=209 ok=1
Cmd: preprocess
  insize=5393 outsize=502 ok=1
Cmd: preprocess
  insize=3871 outsize=505 ok=1
Cmd: preprocess
  insize=41590 outsize=1912 ok=1
Cmd: preprocess
  insize=7062 outsize=497 ok=1
Cmd: preprocess
  insize=6649 outsize=495 ok=1
Cmd: preprocess
  insize=6191 outsize=498 ok=1
Cmd: preprocess
  insize=811 outsize=209 ok=1
Cmd: preprocess
  insize=811 outsize=209 ok=1
Cmd: preprocess
  insize=811 outsize=209 ok=1
Cmd: preprocess
  insize=811 outsize=209 ok=1
Cmd: preprocess
  insize=811 outsize=209 ok=1
Cmd: preprocess
  insize=811 outsize=209 ok=1
Cmd: preprocess
  insize=811 outsize=209 ok=1
Cmd: preprocess
  insize=811 outsize=209 ok=1
Cmd: preprocess
  insize=811 outsize=209 ok=1
Cmd: preprocess
  insize=811 outsize=209 ok=1
Cmd: preprocess
  insize=5393 outsize=502 ok=1
Cmd: preprocess
  insize=3871 outsize=505 ok=1
Cmd: preprocess
  insize=37832 outsize=1912 ok=1
Cmd: preprocess
  insize=5800 outsize=497 ok=1
Cmd: preprocess
  insize=6649 outsize=495 ok=1
Cmd: preprocess
  insize=6191 outsize=498 ok=1
Cmd: preprocess
  insize=811 outsize=209 ok=1
Cmd: preprocess
  insize=811 outsize=209 ok=1
Cmd: preprocess
  insize=811 outsize=209 ok=1
Cmd: preprocess
  insize=811 outsize=209 ok=1
Cmd: preprocess
  insize=811 outsize=209 ok=1
Cmd: preprocess
  insize=811 outsize=209 ok=1
Cmd: preprocess
  insize=811 outsize=209 ok=1
Cmd: preprocess
  insize=811 outsize=209 ok=1
Cmd: preprocess
  insize=811 outsize=209 ok=1
Cmd: preprocess
  insize=811 outsize=209 ok=1
Cmd: preprocess
  insize=5393 outsize=502 ok=1
Cmd: preprocess
  insize=3871 outsize=505 ok=1
Cmd: preprocess
  insize=37832 outsize=1912 ok=1
Cmd: preprocess
  insize=5800 outsize=497 ok=1
Cmd: preprocess
  insize=6649 outsize=495 ok=1
Cmd: preprocess
  insize=6191 outsize=498 ok=1
Cmd: preprocess
  insize=811 outsize=209 ok=1
Cmd: preprocess
  insize=811 outsize=209 ok=1
Cmd: preprocess
  insize=811 outsize=209 ok=1
Cmd: preprocess
  insize=811 outsize=209 ok=1
Cmd: preprocess
  insize=811 outsize=209 ok=1
Cmd: preprocess
  insize=811 outsize=209 ok=1
Cmd: preprocess
  insize=811 outsize=209 ok=1
Cmd: preprocess
  insize=811 outsize=209 ok=1
Cmd: preprocess
  insize=811 outsize=209 ok=1
Cmd: preprocess
  insize=811 outsize=209 ok=1
Cmd: preprocess
  insize=5393 outsize=502 ok=1
Cmd: preprocess
  insize=3871 outsize=505 ok=1
Cmd: preprocess
  insize=37832 outsize=1912 ok=1
Cmd: preprocess
  insize=5800 outsize=497 ok=1
Cmd: preprocess
  insize=7061 outsize=496 ok=1
Cmd: preprocess
  insize=6603 outsize=498 ok=1
Cmd: preprocess
  insize=811 outsize=209 ok=1
Cmd: preprocess
  insize=811 outsize=209 ok=1
Cmd: preprocess
  insize=811 outsize=209 ok=1
Cmd: preprocess
  insize=811 outsize=209 ok=1
Cmd: preprocess
  insize=811 outsize=209 ok=1
Cmd: preprocess
  insize=811 outsize=209 ok=1
Cmd: preprocess
  insize=811 outsize=209 ok=1
Cmd: preprocess
  insize=811 outsize=209 ok=1
Cmd: preprocess
  insize=811 outsize=209 ok=1
Cmd: preprocess
  insize=811 outsize=209 ok=1
Cmd: preprocess
  insize=5393 outsize=502 ok=1
Cmd: preprocess
  insize=3871 outsize=505 ok=1
Cmd: preprocess
  insize=37832 outsize=1912 ok=1
Cmd: preprocess
  insize=5800 outsize=497 ok=1
Cmd: preprocess
  insize=7061 outsize=496 ok=1
Cmd: preprocess
  insize=6603 outsize=498 ok=1
Cmd: preprocess
  insize=811 outsize=209 ok=1
Cmd: preprocess
  insize=811 outsize=209 ok=1
Cmd: preprocess
  insize=811 outsize=209 ok=1
Cmd: preprocess
  insize=811 outsize=209 ok=1
Cmd: preprocess
  insize=811 outsize=209 ok=1
Cmd: preprocess
  insize=811 outsize=209 ok=1
Cmd: preprocess
  insize=811 outsize=209 ok=1
Cmd: preprocess
  insize=811 outsize=209 ok=1
Cmd: preprocess
  insize=811 outsize=209 ok=1
Cmd: preprocess
  insize=811 outsize=209 ok=1
Cmd: preprocess
  insize=5393 outsize=502 ok=1
Cmd: preprocess
  insize=3871 outsize=505 ok=1
Cmd: preprocess
  insize=41590 outsize=1913 ok=1
Cmd: preprocess
  insize=5800 outsize=497 ok=1
Cmd: preprocess
  insize=7061 outsize=496 ok=1
Cmd: preprocess
  insize=6603 outsize=498 ok=1
Cmd: preprocess
  insize=811 outsize=209 ok=1
Cmd: preprocess
  insize=811 outsize=209 ok=1
Cmd: preprocess
  insize=811 outsize=209 ok=1
Cmd: preprocess
  insize=811 outsize=209 ok=1
Cmd: preprocess
  insize=811 outsize=209 ok=1
Cmd: preprocess
  insize=811 outsize=209 ok=1
Cmd: preprocess
  insize=811 outsize=209 ok=1
Cmd: preprocess
  insize=811 outsize=209 ok=1
Cmd: preprocess
  insize=811 outsize=209 ok=1
Cmd: preprocess
  insize=811 outsize=209 ok=1
Cmd: preprocess
  insize=5393 outsize=502 ok=1
Cmd: preprocess
  insize=3871 outsize=505 ok=1
Cmd: preprocess
  insize=41590 outsize=1913 ok=1
Cmd: preprocess
  insize=5800 outsize=497 ok=1
Cmd: preprocess
  insize=7061 outsize=496 ok=1
Cmd: preprocess
  insize=6603 outsize=498 ok=1
Cmd: preprocess
  insize=40185 outsize=1921 ok=1
Cmd: preprocess
  insize=3522 outsize=496 ok=1
Cmd: preprocess
  insize=4543 outsize=497 ok=1
Cmd: preprocess
  insize=5001 outsize=495 ok=1
Cmd: preprocess
  insize=33958 outsize=1912 ok=1
Cmd: preprocess
  insize=4127 outsize=497 ok=1
Cmd: preprocess
  insize=4585 outsize=495 ok=1
Cmd: preprocess
  insize=32482 outsize=1913 ok=1
Cmd: preprocess
  insize=28033 outsize=1912 ok=1
Cmd: preprocess
  insize=4998 outsize=494 ok=1
Cmd: preprocess
  insize=6191 outsize=498 ok=1
Cmd: preprocess
  insize=6649 outsize=495 ok=1
Cmd: preprocess
  insize=7062 outsize=497 ok=1
Cmd: preprocess
  insize=7030 outsize=497 ok=1
Cmd: preprocess
  insize=41470 outsize=1913 ok=1
Cmd: preprocess
  insize=40269 outsize=1920 ok=1
Cmd: preprocess
  insize=811 outsize=209 ok=1
Cmd: preprocess
  insize=811 outsize=209 ok=1
Cmd: preprocess
  insize=811 outsize=209 ok=1
Cmd: preprocess
  insize=811 outsize=209 ok=1
Cmd: preprocess
  insize=811 outsize=209 ok=1
Cmd: preprocess
  insize=811 outsize=209 ok=1
Cmd: preprocess
  insize=811 outsize=209 ok=1
Cmd: preprocess
  insize=811 outsize=209 ok=1
Cmd: preprocess
  insize=811 outsize=209 ok=1
Cmd: preprocess
  insize=811 outsize=209 ok=1
Cmd: preprocess
  insize=6191 outsize=498 ok=1
Cmd: preprocess
  insize=6649 outsize=495 ok=1
Cmd: preprocess
  insize=7030 outsize=497 ok=1
Cmd: preprocess
  insize=41470 outsize=1913 ok=1
Cmd: preprocess
  insize=3871 outsize=505 ok=1
Cmd: preprocess
  insize=5393 outsize=502 ok=1
Cmd: preprocess
  insize=41470 outsize=1913 ok=1
Cmd: preprocess
  insize=5393 outsize=502 ok=1
Cmd: preprocess
  insize=6191 outsize=498 ok=1
Cmd: preprocess
  insize=6649 outsize=495 ok=1
Cmd: preprocess
  insize=7030 outsize=497 ok=1
Cmd: preprocess
  insize=3871 outsize=505 ok=1
Cmd: preprocess
  insize=41470 outsize=1913 ok=1
Cmd: preprocess
  insize=7030 outsize=497 ok=1
Cmd: preprocess
  insize=41470 outsize=1913 ok=1
Cmd: preprocess
  insize=7030 outsize=497 ok=1
Cmd: preprocess
  insize=41470 outsize=1913 ok=1
Cmd: preprocess
  insize=40269 outsize=1920 ok=1
Cmd: preprocess
  insize=40269 outsize=1920 ok=1
Cmd: preprocess
  insize=41639 outsize=1969 ok=1
Cmd: preprocess
  insize=5480 outsize=560 ok=1
Cmd: preprocess
  insize=6278 outsize=556 ok=1
Cmd: preprocess
  insize=6736 outsize=554 ok=1
Cmd: preprocess
  insize=7117 outsize=555 ok=1
Cmd: preprocess
  insize=3958 outsize=563 ok=1
Cmd: compileSnippet
  error: 1 plat 4 at (166): 'TransformObjectToWorld': implicit truncation of vector type\nCompiling Vertex program
Platform defines: UNITY_ENABLE_REFLECTION_BUFFERS UNITY_USE_DITHER_MASK_FOR_ALPHABLENDED_SHADOWS UNITY_PBS_USE_BRDF1 UNITY_SPECCUBE_BOX_PROJECTION UNITY_SPECCUBE_BLENDING UNITY_ENABLE_DETAIL_NORMALMAP SHADER_API_DESKTOP UNITY_COLORSPACE_GAMMA UNITY_LIGHT_PROBE_PROXY_VOLUME UNITY_LIGHTMAP_FULL_HDR
  api=4 type=0 insize=6519 outsize=642 kw= pd=UNITY_ENABLE_REFLECTION_BUFFERS UNITY_USE_DITHER_MASK_FOR_ALPHABLENDED_SHADOWS UNITY_PBS_USE_BRDF1 UNITY_SPECCUBE_BOX_PROJECTION UNITY_SPECCUBE_BLENDING UNITY_ENABLE_DETAIL_NORMALMAP SHADER_API_DESKTOP UNITY_COLORSPACE_GAMMA UNITY_LIGHT_PROBE_PROXY_VOLUME UNITY_LIGHTMAP_FULL_HDR ok=1
Cmd: compileSnippet
  error: 1 plat 4 at (166): 'TransformObjectToWorld': implicit truncation of vector type\nCompiling Fragment program
Platform defines: UNITY_ENABLE_REFLECTION_BUFFERS UNITY_USE_DITHER_MASK_FOR_ALPHABLENDED_SHADOWS UNITY_PBS_USE_BRDF1 UNITY_SPECCUBE_BOX_PROJECTION UNITY_SPECCUBE_BLENDING UNITY_ENABLE_DETAIL_NORMALMAP SHADER_API_DESKTOP UNITY_COLORSPACE_GAMMA UNITY_LIGHT_PROBE_PROXY_VOLUME UNITY_LIGHTMAP_FULL_HDR
  api=4 type=1 insize=6519 outsize=3058 kw= pd=UNITY_ENABLE_REFLECTION_BUFFERS UNITY_USE_DITHER_MASK_FOR_ALPHABLENDED_SHADOWS UNITY_PBS_USE_BRDF1 UNITY_SPECCUBE_BOX_PROJECTION UNITY_SPECCUBE_BLENDING UNITY_ENABLE_DETAIL_NORMALMAP SHADER_API_DESKTOP UNITY_COLORSPACE_GAMMA UNITY_LIGHT_PROBE_PROXY_VOLUME UNITY_LIGHTMAP_FULL_HDR ok=1
Cmd: compileSnippet
  api=4 type=0 insize=13517 outsize=1142 kw=UNITY_PASS_SHADOWCASTER pd=UNITY_ENABLE_REFLECTION_BUFFERS UNITY_USE_DITHER_MASK_FOR_ALPHABLENDED_SHADOWS UNITY_PBS_USE_BRDF1 UNITY_SPECCUBE_BOX_PROJECTION UNITY_SPECCUBE_BLENDING UNITY_ENABLE_DETAIL_NORMALMAP SHADER_API_DESKTOP UNITY_COLORSPACE_GAMMA UNITY_LIGHT_PROBE_PROXY_VOLUME UNITY_LIGHTMAP_FULL_HDR ok=1
Cmd: preprocess
  insize=811 outsize=209 ok=1
Cmd: preprocess
  insize=811 outsize=209 ok=1
Cmd: preprocess
  insize=3609 outsize=554 ok=1
Cmd: preprocess
  insize=3786 outsize=620 ok=1
Cmd: preprocess
  insize=42058 outsize=2039 ok=1
Cmd: preprocess
  insize=5657 outsize=627 ok=1
Cmd: preprocess
  insize=6455 outsize=624 ok=1
Cmd: preprocess
  insize=6913 outsize=621 ok=1
Cmd: preprocess
  insize=7294 outsize=623 ok=1
Cmd: preprocess
  insize=4135 outsize=630 ok=1
Cmd: compileSnippet
  error: 1 plat 4 at (168): 'TransformObjectToWorld': implicit truncation of vector type\nCompiling Vertex program
Platform defines: UNITY_ENABLE_REFLECTION_BUFFERS UNITY_USE_DITHER_MASK_FOR_ALPHABLENDED_SHADOWS UNITY_PBS_USE_BRDF1 UNITY_SPECCUBE_BOX_PROJECTION UNITY_SPECCUBE_BLENDING UNITY_ENABLE_DETAIL_NORMALMAP SHADER_API_DESKTOP UNITY_COLORSPACE_GAMMA UNITY_LIGHT_PROBE_PROXY_VOLUME UNITY_LIGHTMAP_FULL_HDR
  api=4 type=0 insize=6628 outsize=642 kw= pd=UNITY_ENABLE_REFLECTION_BUFFERS UNITY_USE_DITHER_MASK_FOR_ALPHABLENDED_SHADOWS UNITY_PBS_USE_BRDF1 UNITY_SPECCUBE_BOX_PROJECTION UNITY_SPECCUBE_BLENDING UNITY_ENABLE_DETAIL_NORMALMAP SHADER_API_DESKTOP UNITY_COLORSPACE_GAMMA UNITY_LIGHT_PROBE_PROXY_VOLUME UNITY_LIGHTMAP_FULL_HDR ok=1
Cmd: compileSnippet
  error: 1 plat 4 at (168): 'TransformObjectToWorld': implicit truncation of vector type\nCompiling Fragment program
Platform defines: UNITY_ENABLE_REFLECTION_BUFFERS UNITY_USE_DITHER_MASK_FOR_ALPHABLENDED_SHADOWS UNITY_PBS_USE_BRDF1 UNITY_SPECCUBE_BOX_PROJECTION UNITY_SPECCUBE_BLENDING UNITY_ENABLE_DETAIL_NORMALMAP SHADER_API_DESKTOP UNITY_COLORSPACE_GAMMA UNITY_LIGHT_PROBE_PROXY_VOLUME UNITY_LIGHTMAP_FULL_HDR
  api=4 type=1 insize=6628 outsize=3058 kw= pd=UNITY_ENABLE_REFLECTION_BUFFERS UNITY_USE_DITHER_MASK_FOR_ALPHABLENDED_SHADOWS UNITY_PBS_USE_BRDF1 UNITY_SPECCUBE_BOX_PROJECTION UNITY_SPECCUBE_BLENDING UNITY_ENABLE_DETAIL_NORMALMAP SHADER_API_DESKTOP UNITY_COLORSPACE_GAMMA UNITY_LIGHT_PROBE_PROXY_VOLUME UNITY_LIGHTMAP_FULL_HDR ok=1
Cmd: compileSnippet
  api=4 type=0 insize=13803 outsize=706 kw= pd=UNITY_ENABLE_REFLECTION_BUFFERS UNITY_USE_DITHER_MASK_FOR_ALPHABLENDED_SHADOWS UNITY_PBS_USE_BRDF1 UNITY_SPECCUBE_BOX_PROJECTION UNITY_SPECCUBE_BLENDING UNITY_ENABLE_DETAIL_NORMALMAP SHADER_API_DESKTOP UNITY_COLORSPACE_GAMMA UNITY_LIGHT_PROBE_PROXY_VOLUME UNITY_LIGHTMAP_FULL_HDR ok=1
Cmd: preprocess
  insize=811 outsize=209 ok=1
Cmd: preprocess
  insize=811 outsize=209 ok=1
Cmd: preprocess
  insize=4155 outsize=630 ok=1
Cmd: preprocess
  insize=4542 outsize=622 ok=1
Cmd: preprocess
  insize=811 outsize=209 ok=1
Cmd: preprocess
  insize=7535 outsize=619 ok=1
Cmd: preprocess
  insize=8087 outsize=619 ok=1
Cmd: preprocess
  insize=40857 outsize=2047 ok=1
Cmd: preprocess
  insize=8356 outsize=623 ok=1
Cmd: preprocess
  insize=45688 outsize=2038 ok=1
Cmd: preprocess
  insize=44127 outsize=2045 ok=1
Cmd: preprocess
  insize=811 outsize=209 ok=1
Cmd: preprocess
  insize=4581 outsize=621 ok=1
Cmd: preprocess
  insize=4557 outsize=620 ok=1
Cmd: preprocess
  insize=4589 outsize=620 ok=1
Cmd: preprocess
  insize=8337 outsize=619 ok=1
Cmd: preprocess
  insize=8606 outsize=622 ok=1
Cmd: preprocess
  insize=46534 outsize=2040 ok=1
Cmd: preprocess
  insize=44601 outsize=2045 ok=1
Cmd: preprocess
  insize=3786 outsize=620 ok=1
Cmd: preprocess
  insize=29932 outsize=2037 ok=1
Cmd: preprocess
  insize=811 outsize=209 ok=1
Cmd: preprocess
  insize=7479 outsize=623 ok=1
Cmd: preprocess
  insize=8269 outsize=625 ok=1
Cmd: preprocess
  insize=8532 outsize=623 ok=1
Cmd: preprocess
  insize=46180 outsize=2039 ok=1
Cmd: preprocess
  insize=44247 outsize=2045 ok=1
Cmd: preprocess
  insize=44247 outsize=2045 ok=1
Cmd: preprocess
  insize=3786 outsize=620 ok=1
Cmd: preprocess
  insize=29932 outsize=2037 ok=1
Cmd: preprocess
  insize=28621 outsize=2037 ok=1
Cmd: preprocess
  insize=42058 outsize=2039 ok=1
Cmd: preprocess
  insize=40857 outsize=2047 ok=1
Cmd: preprocess
  insize=811 outsize=209 ok=1
Cmd: preprocess
  insize=811 outsize=209 ok=1
Cmd: preprocess
  insize=811 outsize=209 ok=1
Cmd: preprocess
  insize=811 outsize=209 ok=1
Cmd: preprocess
  insize=811 outsize=209 ok=1
Cmd: preprocess
  insize=811 outsize=209 ok=1
Cmd: preprocess
  insize=811 outsize=209 ok=1
Cmd: preprocess
  insize=811 outsize=209 ok=1
Cmd: preprocess
  insize=811 outsize=209 ok=1
Cmd: preprocess
  insize=811 outsize=209 ok=1
Cmd: preprocess
  insize=6191 outsize=498 ok=1
Cmd: preprocess
  insize=6649 outsize=495 ok=1
Cmd: preprocess
  insize=7030 outsize=497 ok=1
Cmd: preprocess
  insize=41470 outsize=1913 ok=1
Cmd: preprocess
  insize=3871 outsize=505 ok=1
Cmd: preprocess
  insize=5393 outsize=502 ok=1
Cmd: preprocess
  insize=41470 outsize=1913 ok=1
Cmd: preprocess
  insize=5393 outsize=502 ok=1
Cmd: preprocess
  insize=6191 outsize=498 ok=1
Cmd: preprocess
  insize=6649 outsize=495 ok=1
Cmd: preprocess
  insize=7030 outsize=497 ok=1
Cmd: preprocess
  insize=3871 outsize=505 ok=1
Cmd: compileSnippet
  api=4 type=0 insize=13231 outsize=1142 kw=UNITY_PASS_SHADOWCASTER pd=UNITY_ENABLE_REFLECTION_BUFFERS UNITY_USE_DITHER_MASK_FOR_ALPHABLENDED_SHADOWS UNITY_PBS_USE_BRDF1 UNITY_SPECCUBE_BOX_PROJECTION UNITY_SPECCUBE_BLENDING UNITY_ENABLE_DETAIL_NORMALMAP SHADER_API_DESKTOP UNITY_COLORSPACE_GAMMA UNITY_LIGHT_PROBE_PROXY_VOLUME UNITY_LIGHTMAP_FULL_HDR ok=1
Cmd: compileSnippet
  api=4 type=1 insize=13231 outsize=2978 kw=UNITY_PASS_SHADOWCASTER pd=UNITY_ENABLE_REFLECTION_BUFFERS UNITY_USE_DITHER_MASK_FOR_ALPHABLENDED_SHADOWS UNITY_PBS_USE_BRDF1 UNITY_SPECCUBE_BOX_PROJECTION UNITY_SPECCUBE_BLENDING UNITY_ENABLE_DETAIL_NORMALMAP SHADER_API_DESKTOP UNITY_COLORSPACE_GAMMA UNITY_LIGHT_PROBE_PROXY_VOLUME UNITY_LIGHTMAP_FULL_HDR ok=1
Cmd: preprocess
  insize=41639 outsize=1970 ok=1
Cmd: preprocess
  insize=5480 outsize=560 ok=1
Cmd: preprocess
  insize=6278 outsize=556 ok=1
Cmd: preprocess
  insize=6736 outsize=553 ok=1
Cmd: preprocess
  insize=7117 outsize=554 ok=1
Cmd: preprocess
  insize=3958 outsize=563 ok=1
Cmd: compileSnippet
  error: 1 plat 4 at (166): 'TransformObjectToWorld': implicit truncation of vector type\nCompiling Vertex program
Platform defines: UNITY_ENABLE_REFLECTION_BUFFERS UNITY_USE_DITHER_MASK_FOR_ALPHABLENDED_SHADOWS UNITY_PBS_USE_BRDF1 UNITY_SPECCUBE_BOX_PROJECTION UNITY_SPECCUBE_BLENDING UNITY_ENABLE_DETAIL_NORMALMAP SHADER_API_DESKTOP UNITY_COLORSPACE_GAMMA UNITY_LIGHT_PROBE_PROXY_VOLUME UNITY_LIGHTMAP_FULL_HDR
  api=4 type=0 insize=6519 outsize=642 kw= pd=UNITY_ENABLE_REFLECTION_BUFFERS UNITY_USE_DITHER_MASK_FOR_ALPHABLENDED_SHADOWS UNITY_PBS_USE_BRDF1 UNITY_SPECCUBE_BOX_PROJECTION UNITY_SPECCUBE_BLENDING UNITY_ENABLE_DETAIL_NORMALMAP SHADER_API_DESKTOP UNITY_COLORSPACE_GAMMA UNITY_LIGHT_PROBE_PROXY_VOLUME UNITY_LIGHTMAP_FULL_HDR ok=1
Cmd: compileSnippet
  error: 1 plat 4 at (166): 'TransformObjectToWorld': implicit truncation of vector type\nCompiling Fragment program
Platform defines: UNITY_ENABLE_REFLECTION_BUFFERS UNITY_USE_DITHER_MASK_FOR_ALPHABLENDED_SHADOWS UNITY_PBS_USE_BRDF1 UNITY_SPECCUBE_BOX_PROJECTION UNITY_SPECCUBE_BLENDING UNITY_ENABLE_DETAIL_NORMALMAP SHADER_API_DESKTOP UNITY_COLORSPACE_GAMMA UNITY_LIGHT_PROBE_PROXY_VOLUME UNITY_LIGHTMAP_FULL_HDR
  api=4 type=1 insize=6519 outsize=3058 kw= pd=UNITY_ENABLE_REFLECTION_BUFFERS UNITY_USE_DITHER_MASK_FOR_ALPHABLENDED_SHADOWS UNITY_PBS_USE_BRDF1 UNITY_SPECCUBE_BOX_PROJECTION UNITY_SPECCUBE_BLENDING UNITY_ENABLE_DETAIL_NORMALMAP SHADER_API_DESKTOP UNITY_COLORSPACE_GAMMA UNITY_LIGHT_PROBE_PROXY_VOLUME UNITY_LIGHTMAP_FULL_HDR ok=1
Cmd: compileSnippet
  api=4 type=0 insize=13686 outsize=706 kw= pd=UNITY_ENABLE_REFLECTION_BUFFERS UNITY_USE_DITHER_MASK_FOR_ALPHABLENDED_SHADOWS UNITY_PBS_USE_BRDF1 UNITY_SPECCUBE_BOX_PROJECTION UNITY_SPECCUBE_BLENDING UNITY_ENABLE_DETAIL_NORMALMAP SHADER_API_DESKTOP UNITY_COLORSPACE_GAMMA UNITY_LIGHT_PROBE_PROXY_VOLUME UNITY_LIGHTMAP_FULL_HDR ok=1
Cmd: preprocess
  insize=42058 outsize=2039 ok=1
Cmd: preprocess
  insize=5657 outsize=628 ok=1
Cmd: preprocess
  insize=6455 outsize=624 ok=1
Cmd: preprocess
  insize=6913 outsize=622 ok=1
Cmd: preprocess
  insize=7294 outsize=623 ok=1
Cmd: preprocess
  insize=4135 outsize=630 ok=1
Cmd: compileSnippet
  error: 1 plat 4 at (168): 'TransformObjectToWorld': implicit truncation of vector type\nCompiling Vertex program
Platform defines: UNITY_ENABLE_REFLECTION_BUFFERS UNITY_USE_DITHER_MASK_FOR_ALPHABLENDED_SHADOWS UNITY_PBS_USE_BRDF1 UNITY_SPECCUBE_BOX_PROJECTION UNITY_SPECCUBE_BLENDING UNITY_ENABLE_DETAIL_NORMALMAP SHADER_API_DESKTOP UNITY_COLORSPACE_GAMMA UNITY_LIGHT_PROBE_PROXY_VOLUME UNITY_LIGHTMAP_FULL_HDR
  api=4 type=0 insize=6628 outsize=642 kw= pd=UNITY_ENABLE_REFLECTION_BUFFERS UNITY_USE_DITHER_MASK_FOR_ALPHABLENDED_SHADOWS UNITY_PBS_USE_BRDF1 UNITY_SPECCUBE_BOX_PROJECTION UNITY_SPECCUBE_BLENDING UNITY_ENABLE_DETAIL_NORMALMAP SHADER_API_DESKTOP UNITY_COLORSPACE_GAMMA UNITY_LIGHT_PROBE_PROXY_VOLUME UNITY_LIGHTMAP_FULL_HDR ok=1
Cmd: compileSnippet
  error: 1 plat 4 at (168): 'TransformObjectToWorld': implicit truncation of vector type\nCompiling Fragment program
Platform defines: UNITY_ENABLE_REFLECTION_BUFFERS UNITY_USE_DITHER_MASK_FOR_ALPHABLENDED_SHADOWS UNITY_PBS_USE_BRDF1 UNITY_SPECCUBE_BOX_PROJECTION UNITY_SPECCUBE_BLENDING UNITY_ENABLE_DETAIL_NORMALMAP SHADER_API_DESKTOP UNITY_COLORSPACE_GAMMA UNITY_LIGHT_PROBE_PROXY_VOLUME UNITY_LIGHTMAP_FULL_HDR
  api=4 type=1 insize=6628 outsize=3058 kw= pd=UNITY_ENABLE_REFLECTION_BUFFERS UNITY_USE_DITHER_MASK_FOR_ALPHABLENDED_SHADOWS UNITY_PBS_USE_BRDF1 UNITY_SPECCUBE_BOX_PROJECTION UNITY_SPECCUBE_BLENDING UNITY_ENABLE_DETAIL_NORMALMAP SHADER_API_DESKTOP UNITY_COLORSPACE_GAMMA UNITY_LIGHT_PROBE_PROXY_VOLUME UNITY_LIGHTMAP_FULL_HDR ok=1
Cmd: compileSnippet
  api=4 type=0 insize=13803 outsize=706 kw= pd=UNITY_ENABLE_REFLECTION_BUFFERS UNITY_USE_DITHER_MASK_FOR_ALPHABLENDED_SHADOWS UNITY_PBS_USE_BRDF1 UNITY_SPECCUBE_BOX_PROJECTION UNITY_SPECCUBE_BLENDING UNITY_ENABLE_DETAIL_NORMALMAP SHADER_API_DESKTOP UNITY_COLORSPACE_GAMMA UNITY_LIGHT_PROBE_PROXY_VOLUME UNITY_LIGHTMAP_FULL_HDR ok=1
Cmd: preprocess
  insize=811 outsize=209 ok=1
Cmd: preprocess
  insize=811 outsize=209 ok=1
Cmd: preprocess
  insize=811 outsize=209 ok=1
Cmd: preprocess
  insize=4155 outsize=631 ok=1
Cmd: preprocess
  insize=40857 outsize=2046 ok=1
Cmd: preprocess
  insize=811 outsize=209 ok=1
Cmd: preprocess
  insize=3786 outsize=622 ok=1
Cmd: preprocess
  insize=811 outsize=209 ok=1
Cmd: preprocess
  insize=7541 outsize=620 ok=1
Cmd: preprocess
  insize=8091 outsize=620 ok=1
Cmd: preprocess
  insize=8359 outsize=623 ok=1
Cmd: preprocess
  insize=45697 outsize=2038 ok=1
Cmd: preprocess
  insize=8114 outsize=620 ok=1
Cmd: preprocess
  insize=8536 outsize=623 ok=1
Cmd: preprocess
  insize=46351 outsize=2040 ok=1
Cmd: preprocess
  insize=811 outsize=209 ok=1
Cmd: preprocess
  insize=4744 outsize=621 ok=1
Cmd: preprocess
  insize=7541 outsize=620 ok=1
Cmd: preprocess
  insize=7809 outsize=623 ok=1
Cmd: preprocess
  insize=43903 outsize=2039 ok=1
Cmd: compileSnippet
  api=4 type=0 insize=14249 outsize=1142 kw=UNITY_PASS_SHADOWCASTER pd=UNITY_ENABLE_REFLECTION_BUFFERS UNITY_USE_DITHER_MASK_FOR_ALPHABLENDED_SHADOWS UNITY_PBS_USE_BRDF1 UNITY_SPECCUBE_BOX_PROJECTION UNITY_SPECCUBE_BLENDING UNITY_ENABLE_DETAIL_NORMALMAP SHADER_API_DESKTOP UNITY_COLORSPACE_GAMMA UNITY_LIGHT_PROBE_PROXY_VOLUME UNITY_LIGHTMAP_FULL_HDR ok=1
Cmd: preprocess
  insize=811 outsize=209 ok=1
Cmd: preprocess
  insize=4743 outsize=621 ok=1
Cmd: preprocess
  insize=8705 outsize=620 ok=1
Cmd: preprocess
  insize=8973 outsize=623 ok=1
Cmd: preprocess
  insize=47863 outsize=2041 ok=1
Cmd: preprocess
  insize=3786 outsize=622 ok=1
Cmd: preprocess
  insize=29932 outsize=2039 ok=1
Cmd: preprocess
  insize=811 outsize=209 ok=1
Cmd: preprocess
  insize=5031 outsize=624 ok=1
Cmd: preprocess
  insize=4995 outsize=624 ok=1
Cmd: preprocess
  insize=8633 outsize=625 ok=1
Cmd: preprocess
  insize=8896 outsize=623 ok=1
Cmd: preprocess
  insize=47500 outsize=2041 ok=1
Cmd: preprocess
  insize=8857 outsize=623 ok=1
Cmd: preprocess
  insize=47359 outsize=2041 ok=1
Cmd: preprocess
  insize=28621 outsize=2039 ok=1
Cmd: preprocess
  insize=42058 outsize=2039 ok=1
Cmd: preprocess
  insize=40857 outsize=2046 ok=1
Cmd: preprocess
  insize=811 outsize=209 ok=1
Cmd: preprocess
  insize=3786 outsize=622 ok=1
Cmd: preprocess
  insize=811 outsize=209 ok=1
Cmd: preprocess
  insize=4743 outsize=621 ok=1
Cmd: preprocess
  insize=28621 outsize=2039 ok=1
Cmd: preprocess
  insize=811 outsize=209 ok=1
Cmd: preprocess
  insize=7479 outsize=625 ok=1
Cmd: preprocess
  insize=8633 outsize=625 ok=1
Cmd: preprocess
  insize=8896 outsize=623 ok=1
Cmd: preprocess
  insize=47500 outsize=2041 ok=1
Cmd: preprocess
  insize=8857 outsize=622 ok=1
Cmd: preprocess
  insize=47359 outsize=2041 ok=1
Cmd: preprocess
  insize=28621 outsize=2039 ok=1
Cmd: preprocess
  insize=811 outsize=209 ok=1
Cmd: preprocess
  insize=3786 outsize=622 ok=1
Cmd: preprocess
  insize=811 outsize=209 ok=1
Cmd: preprocess
  insize=4743 outsize=621 ok=1
Cmd: preprocess
  insize=811 outsize=209 ok=1
Cmd: preprocess
  insize=7479 outsize=625 ok=1
Cmd: preprocess
  insize=8633 outsize=624 ok=1
Cmd: preprocess
  insize=8896 outsize=623 ok=1
Cmd: preprocess
  insize=47500 outsize=2040 ok=1
Cmd: preprocess
  insize=8857 outsize=623 ok=1
Cmd: preprocess
  insize=47359 outsize=2041 ok=1
Cmd: preprocess
  insize=45594 outsize=2046 ok=1
Cmd: preprocess
  insize=45594 outsize=2046 ok=1
Cmd: compileSnippet
  api=4 type=0 insize=14810 outsize=1142 kw=UNITY_PASS_SHADOWCASTER pd=UNITY_ENABLE_REFLECTION_BUFFERS UNITY_USE_DITHER_MASK_FOR_ALPHABLENDED_SHADOWS UNITY_PBS_USE_BRDF1 UNITY_SPECCUBE_BOX_PROJECTION UNITY_SPECCUBE_BLENDING UNITY_ENABLE_DETAIL_NORMALMAP SHADER_API_DESKTOP UNITY_COLORSPACE_GAMMA UNITY_LIGHT_PROBE_PROXY_VOLUME UNITY_LIGHTMAP_FULL_HDR ok=1
Cmd: compileSnippet
  api=4 type=1 insize=14810 outsize=3286 kw=UNITY_PASS_SHADOWCASTER pd=UNITY_ENABLE_REFLECTION_BUFFERS UNITY_USE_DITHER_MASK_FOR_ALPHABLENDED_SHADOWS UNITY_PBS_USE_BRDF1 UNITY_SPECCUBE_BOX_PROJECTION UNITY_SPECCUBE_BLENDING UNITY_ENABLE_DETAIL_NORMALMAP SHADER_API_DESKTOP UNITY_COLORSPACE_GAMMA UNITY_LIGHT_PROBE_PROXY_VOLUME UNITY_LIGHTMAP_FULL_HDR ok=1
Cmd: preprocess
  insize=4199 outsize=641 ok=1
Cmd: preprocess
  insize=4787 outsize=632 ok=1
Cmd: preprocess
  insize=8699 outsize=636 ok=1
Cmd: preprocess
  insize=8923 outsize=634 ok=1
Cmd: preprocess
  insize=47535 outsize=2051 ok=1
Cmd: preprocess
  insize=5701 outsize=639 ok=1
Cmd: preprocess
  insize=6521 outsize=635 ok=1
Cmd: preprocess
  insize=6979 outsize=633 ok=1
Cmd: preprocess
  insize=7360 outsize=634 ok=1
Cmd: preprocess
  insize=4201 outsize=642 ok=1
Cmd: preprocess
  insize=45770 outsize=2057 ok=1
Cmd: compileSnippet
  api=4 type=0 insize=14865 outsize=1142 kw=UNITY_PASS_SHADOWCASTER pd=UNITY_ENABLE_REFLECTION_BUFFERS UNITY_USE_DITHER_MASK_FOR_ALPHABLENDED_SHADOWS UNITY_PBS_USE_BRDF1 UNITY_SPECCUBE_BOX_PROJECTION UNITY_SPECCUBE_BLENDING UNITY_ENABLE_DETAIL_NORMALMAP SHADER_API_DESKTOP UNITY_COLORSPACE_GAMMA UNITY_LIGHT_PROBE_PROXY_VOLUME UNITY_LIGHTMAP_FULL_HDR ok=1
Cmd: compileSnippet
  api=4 type=1 insize=14865 outsize=3286 kw=UNITY_PASS_SHADOWCASTER pd=UNITY_ENABLE_REFLECTION_BUFFERS UNITY_USE_DITHER_MASK_FOR_ALPHABLENDED_SHADOWS UNITY_PBS_USE_BRDF1 UNITY_SPECCUBE_BOX_PROJECTION UNITY_SPECCUBE_BLENDING UNITY_ENABLE_DETAIL_NORMALMAP SHADER_API_DESKTOP UNITY_COLORSPACE_GAMMA UNITY_LIGHT_PROBE_PROXY_VOLUME UNITY_LIGHTMAP_FULL_HDR ok=1
Cmd: compileSnippet
  api=4 type=0 insize=15034 outsize=706 kw= pd=UNITY_ENABLE_REFLECTION_BUFFERS UNITY_USE_DITHER_MASK_FOR_ALPHABLENDED_SHADOWS UNITY_PBS_USE_BRDF1 UNITY_SPECCUBE_BOX_PROJECTION UNITY_SPECCUBE_BLENDING UNITY_ENABLE_DETAIL_NORMALMAP SHADER_API_DESKTOP UNITY_COLORSPACE_GAMMA UNITY_LIGHT_PROBE_PROXY_VOLUME UNITY_LIGHTMAP_FULL_HDR ok=1
Cmd: compileSnippet
  api=4 type=1 insize=15034 outsize=3294 kw= pd=UNITY_ENABLE_REFLECTION_BUFFERS UNITY_USE_DITHER_MASK_FOR_ALPHABLENDED_SHADOWS UNITY_PBS_USE_BRDF1 UNITY_SPECCUBE_BOX_PROJECTION UNITY_SPECCUBE_BLENDING UNITY_ENABLE_DETAIL_NORMALMAP SHADER_API_DESKTOP UNITY_COLORSPACE_GAMMA UNITY_LIGHT_PROBE_PROXY_VOLUME UNITY_LIGHTMAP_FULL_HDR ok=1
Cmd: preprocess
  insize=45770 outsize=2057 ok=1
Cmd: preprocess
  insize=811 outsize=209 ok=1
Cmd: preprocess
  insize=811 outsize=209 ok=1
Cmd: preprocess
  insize=811 outsize=209 ok=1
Cmd: preprocess
  insize=811 outsize=209 ok=1
Cmd: preprocess
  insize=811 outsize=209 ok=1
Cmd: preprocess
  insize=811 outsize=209 ok=1
Cmd: preprocess
  insize=811 outsize=209 ok=1
Cmd: preprocess
  insize=811 outsize=209 ok=1
Cmd: preprocess
  insize=811 outsize=209 ok=1
Cmd: preprocess
  insize=811 outsize=209 ok=1
Cmd: preprocess
  insize=811 outsize=209 ok=1
Cmd: preprocess
  insize=811 outsize=209 ok=1
Cmd: preprocess
  insize=811 outsize=209 ok=1
Cmd: preprocess
  insize=811 outsize=209 ok=1
Cmd: preprocess
  insize=811 outsize=209 ok=1
Cmd: preprocess
  insize=811 outsize=209 ok=1
Cmd: preprocess
  insize=6521 outsize=635 ok=1
Cmd: preprocess
  insize=6979 outsize=633 ok=1
Cmd: preprocess
  insize=7360 outsize=634 ok=1
Cmd: preprocess
  insize=47535 outsize=2051 ok=1
Cmd: preprocess
  insize=4201 outsize=642 ok=1
Cmd: preprocess
  insize=5701 outsize=639 ok=1
Cmd: preprocess
  insize=4199 outsize=641 ok=1
Cmd: preprocess
  insize=4787 outsize=632 ok=1
Cmd: preprocess
  insize=8923 outsize=634 ok=1
Cmd: preprocess
  insize=8699 outsize=636 ok=1
Cmd: preprocess
  insize=4199 outsize=641 ok=1
Cmd: preprocess
  insize=4787 outsize=632 ok=1
Cmd: preprocess
  insize=8699 outsize=636 ok=1
Cmd: preprocess
  insize=8923 outsize=634 ok=1
Cmd: preprocess
  insize=47535 outsize=2051 ok=1
Cmd: preprocess
  insize=5701 outsize=639 ok=1
Cmd: preprocess
  insize=6521 outsize=635 ok=1
Cmd: preprocess
  insize=6979 outsize=633 ok=1
Cmd: preprocess
  insize=7360 outsize=634 ok=1
Cmd: preprocess
  insize=4201 outsize=642 ok=1
Cmd: preprocess
  insize=4155 outsize=631 ok=1
Cmd: preprocess
  insize=4743 outsize=621 ok=1
Cmd: preprocess
  insize=8633 outsize=624 ok=1
Cmd: preprocess
  insize=8857 outsize=623 ok=1
Cmd: preprocess
  insize=47359 outsize=2041 ok=1
Cmd: preprocess
  insize=5657 outsize=628 ok=1
Cmd: preprocess
  insize=6455 outsize=624 ok=1
Cmd: preprocess
  insize=6913 outsize=622 ok=1
Cmd: preprocess
  insize=7294 outsize=623 ok=1
Cmd: preprocess
  insize=4135 outsize=630 ok=1
Cmd: preprocess
  insize=4141 outsize=624 ok=1
Cmd: preprocess
  insize=4729 outsize=614 ok=1
Cmd: preprocess
  insize=8619 outsize=618 ok=1
Cmd: preprocess
  insize=8843 outsize=616 ok=1
Cmd: preprocess
  insize=47310 outsize=2032 ok=1
Cmd: preprocess
  insize=5643 outsize=621 ok=1
Cmd: preprocess
  insize=6441 outsize=617 ok=1
Cmd: preprocess
  insize=6899 outsize=614 ok=1
Cmd: preprocess
  insize=7280 outsize=615 ok=1
Cmd: preprocess
  insize=4121 outsize=622 ok=1
Cmd: compileSnippet
  api=4 type=0 insize=15387 outsize=1142 kw=UNITY_PASS_SHADOWCASTER pd=UNITY_ENABLE_REFLECTION_BUFFERS UNITY_USE_DITHER_MASK_FOR_ALPHABLENDED_SHADOWS UNITY_PBS_USE_BRDF1 UNITY_SPECCUBE_BOX_PROJECTION UNITY_SPECCUBE_BLENDING UNITY_ENABLE_DETAIL_NORMALMAP SHADER_API_DESKTOP UNITY_COLORSPACE_GAMMA UNITY_LIGHT_PROBE_PROXY_VOLUME UNITY_LIGHTMAP_FULL_HDR ok=1
Cmd: preprocess
  insize=4121 outsize=614 ok=1
Cmd: preprocess
  insize=4709 outsize=604 ok=1
Cmd: preprocess
  insize=8589 outsize=608 ok=1
Cmd: preprocess
  insize=8813 outsize=606 ok=1
Cmd: preprocess
  insize=47240 outsize=2023 ok=1
Cmd: preprocess
  insize=5623 outsize=611 ok=1
Cmd: preprocess
  insize=6421 outsize=607 ok=1
Cmd: preprocess
  insize=6879 outsize=605 ok=1
Cmd: preprocess
  insize=7250 outsize=604 ok=1
Cmd: preprocess
  insize=4101 outsize=614 ok=1
Cmd: preprocess
  insize=45475 outsize=2029 ok=1
Cmd: compileSnippet
  api=4 type=0 insize=14776 outsize=1142 kw=UNITY_PASS_SHADOWCASTER pd=UNITY_ENABLE_REFLECTION_BUFFERS UNITY_USE_DITHER_MASK_FOR_ALPHABLENDED_SHADOWS UNITY_PBS_USE_BRDF1 UNITY_SPECCUBE_BOX_PROJECTION UNITY_SPECCUBE_BLENDING UNITY_ENABLE_DETAIL_NORMALMAP SHADER_API_DESKTOP UNITY_COLORSPACE_GAMMA UNITY_LIGHT_PROBE_PROXY_VOLUME UNITY_LIGHTMAP_FULL_HDR ok=1
Cmd: compileSnippet
  api=4 type=1 insize=14776 outsize=3286 kw=UNITY_PASS_SHADOWCASTER pd=UNITY_ENABLE_REFLECTION_BUFFERS UNITY_USE_DITHER_MASK_FOR_ALPHABLENDED_SHADOWS UNITY_PBS_USE_BRDF1 UNITY_SPECCUBE_BOX_PROJECTION UNITY_SPECCUBE_BLENDING UNITY_ENABLE_DETAIL_NORMALMAP SHADER_API_DESKTOP UNITY_COLORSPACE_GAMMA UNITY_LIGHT_PROBE_PROXY_VOLUME UNITY_LIGHTMAP_FULL_HDR ok=1
Cmd: preprocess
  insize=811 outsize=209 ok=1
Cmd: preprocess
  insize=811 outsize=209 ok=1
Cmd: preprocess
  insize=811 outsize=209 ok=1
Cmd: preprocess
  insize=811 outsize=209 ok=1
Cmd: preprocess
  insize=811 outsize=209 ok=1
Cmd: preprocess
  insize=811 outsize=209 ok=1
Cmd: preprocess
  insize=811 outsize=209 ok=1
Cmd: preprocess
  insize=811 outsize=209 ok=1
Cmd: preprocess
  insize=811 outsize=209 ok=1
Cmd: preprocess
  insize=811 outsize=209 ok=1
Cmd: preprocess
  insize=811 outsize=209 ok=1
Cmd: preprocess
  insize=811 outsize=209 ok=1
Cmd: preprocess
  insize=811 outsize=209 ok=1
Cmd: preprocess
  insize=811 outsize=209 ok=1
Cmd: preprocess
  insize=811 outsize=209 ok=1
Cmd: preprocess
  insize=811 outsize=209 ok=1
Cmd: preprocess
  insize=6421 outsize=607 ok=1
Cmd: preprocess
  insize=6879 outsize=605 ok=1
Cmd: preprocess
  insize=7250 outsize=604 ok=1
Cmd: preprocess
  insize=47240 outsize=2023 ok=1
Cmd: preprocess
  insize=4101 outsize=614 ok=1
Cmd: preprocess
  insize=5623 outsize=611 ok=1
Cmd: preprocess
  insize=4121 outsize=614 ok=1
Cmd: preprocess
  insize=4709 outsize=604 ok=1
Cmd: preprocess
  insize=8813 outsize=606 ok=1
Cmd: preprocess
  insize=8589 outsize=608 ok=1
Cmd: preprocess
  insize=4121 outsize=614 ok=1
Cmd: preprocess
  insize=4709 outsize=604 ok=1
Cmd: preprocess
  insize=8589 outsize=608 ok=1
Cmd: preprocess
  insize=8813 outsize=606 ok=1
Cmd: preprocess
  insize=47240 outsize=2023 ok=1
Cmd: preprocess
  insize=5623 outsize=611 ok=1
Cmd: preprocess
  insize=6421 outsize=607 ok=1
Cmd: preprocess
  insize=6879 outsize=605 ok=1
Cmd: preprocess
  insize=7250 outsize=604 ok=1
Cmd: preprocess
  insize=4101 outsize=614 ok=1
Cmd: preprocess
  insize=45475 outsize=2029 ok=1
